<?xml version="1.0" encoding="UTF-8"?>
<!-- Generated by org.testng.reporters.JUnitReportReporter -->
<testsuite hostname="LAPTOP-0U18I7A7" failures="0" tests="3" name="com.TestNG.TestNGHardAssertionDemo1" time="0.018" errors="0" timestamp="2024-11-20T13:57:32 GMT-05:00" skipped="0">
  <testcase classname="com.TestNG.TestNGHardAssertionDemo1" name="hardAssertDemoMethod2" time="0.002"/>
  <testcase classname="com.TestNG.TestNGHardAssertionDemo1" name="hardAssertDemoMethod1" time="0.014"/>
  <testcase classname="com.TestNG.TestNGHardAssertionDemo1" name="hardAssertDemoMethod3" time="0.002"/>
</testsuite> <!-- com.TestNG.TestNGHardAssertionDemo1 -->
