<?xml version="1.0" encoding="UTF-8"?>
<!-- Generated by org.testng.reporters.JUnitReportReporter -->
<testsuite hostname="LAPTOP-0U18I7A7" failures="0" tests="4" name="com.TestNGAnnotation.ClassB" time="0.013" errors="0" timestamp="2024-11-21T10:07:17 GMT-05:00" skipped="0">
  <testcase classname="com.TestNGAnnotation.ClassB" name="Testcase3" time="0.001"/>
  <testcase classname="com.TestNGAnnotation.ClassB" name="Testcase3" time="0.002"/>
  <testcase classname="com.TestNGAnnotation.ClassB" name="Testcase4" time="0.007"/>
  <testcase classname="com.TestNGAnnotation.ClassB" name="Testcase4" time="0.003"/>
</testsuite> <!-- com.TestNGAnnotation.ClassB -->
