<?xml version="1.0" encoding="UTF-8"?>
<!-- Generated by org.testng.reporters.JUnitReportReporter -->
<testsuite hostname="LAPTOP-0U18I7A7" failures="0" tests="1" name="com.webTestingWebElementScenarios.Confirmation_Alert" time="8.265" errors="0" timestamp="2024-10-19T14:24:23 GMT-04:00" skipped="0">
  <testcase classname="com.webTestingWebElementScenarios.Confirmation_Alert" name="f" time="8.265"/>
</testsuite> <!-- com.webTestingWebElementScenarios.Confirmation_Alert -->
