<?xml version="1.0" encoding="UTF-8"?>
<!-- Generated by org.testng.reporters.JUnitReportReporter -->
<testsuite hostname="LAPTOP-0U18I7A7" failures="0" tests="1" name="com.TestNGDataPassingusingXML.DatapassingXML" time="0.013" errors="0" timestamp="2024-11-27T23:28:10 GMT-05:00" skipped="0">
  <testcase classname="com.TestNGDataPassingusingXML.DatapassingXML" name="login" time="0.013"/>
</testsuite> <!-- com.TestNGDataPassingusingXML.DatapassingXML -->
