<?xml version="1.0" encoding="UTF-8"?>
<!-- Generated by org.testng.reporters.JUnitReportReporter -->
<testsuite hostname="LAPTOP-0U18I7A7" failures="0" tests="1" name="com.webTestingWebElementScenarios.SimpleAlert" time="7.483" errors="0" timestamp="2024-10-19T14:26:37 GMT-04:00" skipped="0">
  <testcase classname="com.webTestingWebElementScenarios.SimpleAlert" name="SimpleAlertTest" time="7.483"/>
</testsuite> <!-- com.webTestingWebElementScenarios.SimpleAlert -->
