<?xml version="1.0" encoding="UTF-8"?>
<!-- Generated by org.testng.reporters.JUnitReportReporter -->
<testsuite hostname="LAPTOP-0U18I7A7" failures="0" tests="2" name="com.TestNG.TestNG_demo1" time="0.018" errors="0" timestamp="2024-11-19T15:08:30 GMT-05:00" skipped="0">
  <testcase classname="com.TestNG.TestNG_demo1" name="TestCase1" time="0.013"/>
  <testcase classname="com.TestNG.TestNG_demo1" name="TestCase2" time="0.005"/>
</testsuite> <!-- com.TestNG.TestNG_demo1 -->
