<?xml version="1.0" encoding="UTF-8"?>
<!-- Generated by org.testng.reporters.JUnitReportReporter -->
<testsuite hostname="LAPTOP-0U18I7A7" failures="0" tests="1" name="com.webTestingWebElementScenarios.ResizableAutomation" time="9.744" errors="0" timestamp="2024-11-13T08:27:16 GMT-05:00" skipped="0">
  <testcase classname="com.webTestingWebElementScenarios.ResizableAutomation" name="f" time="9.744"/>
</testsuite> <!-- com.webTestingWebElementScenarios.ResizableAutomation -->
