<?xml version="1.0" encoding="UTF-8"?>
<!-- Generated by org.testng.reporters.JUnitReportReporter -->
<testsuite hostname="LAPTOP-0U18I7A7" failures="0" tests="1" name="com.webTestingWebElementScenarios.IframeDemo" time="6.557" errors="0" timestamp="2024-10-23T11:48:50 GMT-04:00" skipped="0">
  <testcase classname="com.webTestingWebElementScenarios.IframeDemo" name="f" time="6.557"/>
</testsuite> <!-- com.webTestingWebElementScenarios.IframeDemo -->
