<?xml version="1.0" encoding="UTF-8"?>
<!-- Generated by org.testng.reporters.JUnitReportReporter -->
<testsuite hostname="LAPTOP-0U18I7A7" failures="0" tests="4" name="com.TestNGDataDrivenTesting.ExcelReadingMethodsDemo" time="1.466" errors="0" timestamp="2024-12-03T12:16:02 GMT-05:00" skipped="1">
  <testcase classname="com.TestNGDataDrivenTesting.ExcelReadingMethodsDemo" name="fileRead" time="1.370"/>
  <testcase classname="com.TestNGDataDrivenTesting.ExcelReadingMethodsDemo" name="fileRead2" time="0.047"/>
  <testcase classname="com.TestNGDataDrivenTesting.ExcelReadingMethodsDemo" name="fileRead3" time="0.049"/>
  <testcase classname="com.TestNGDataDrivenTesting.ExcelReadingMethodsDemo" name="login">
    <skipped/>
  </testcase> <!-- login -->
</testsuite> <!-- com.TestNGDataDrivenTesting.ExcelReadingMethodsDemo -->
