<?xml version="1.0" encoding="UTF-8"?>
<!-- Generated by org.testng.reporters.JUnitReportReporter -->
<testsuite hostname="LAPTOP-0U18I7A7" failures="0" tests="4" name="com.TestNG.TestNG_Skip_demo3" time="0.014" errors="0" timestamp="2024-11-20T13:01:44 GMT-05:00" skipped="1">
  <testcase classname="com.TestNG.TestNG_Skip_demo3" name="registration" time="0.010"/>
  <testcase classname="com.TestNG.TestNG_Skip_demo3" name="login" time="0.002"/>
  <testcase classname="com.TestNG.TestNG_Skip_demo3" name="search" time="0.002"/>
  <testcase classname="com.TestNG.TestNG_Skip_demo3" name="addtocart">
    <skipped/>
  </testcase> <!-- addtocart -->
</testsuite> <!-- com.TestNG.TestNG_Skip_demo3 -->
