<?xml version="1.0" encoding="UTF-8"?>
<!-- Generated by org.testng.reporters.JUnitReportReporter -->
<testsuite hostname="LAPTOP-0U18I7A7" failures="0" tests="1" name="com.webTestingWebElementScenarios.PracticeTest2" time="17.418" errors="0" timestamp="2024-11-13T17:47:32 GMT-05:00" skipped="0">
  <testcase classname="com.webTestingWebElementScenarios.PracticeTest2" name="f" time="17.418"/>
</testsuite> <!-- com.webTestingWebElementScenarios.PracticeTest2 -->
