<?xml version="1.0" encoding="UTF-8"?>
<!-- Generated by org.testng.reporters.JUnitReportReporter -->
<testsuite hostname="LAPTOP-0U18I7A7" failures="0" tests="1" name="com.webTestingWebElementScenarios.MouseDoubleClick" time="9.932" errors="0" timestamp="2024-11-07T13:59:05 GMT-05:00" skipped="0">
  <testcase classname="com.webTestingWebElementScenarios.MouseDoubleClick" name="f" time="9.932"/>
</testsuite> <!-- com.webTestingWebElementScenarios.MouseDoubleClick -->
