<?xml version="1.0" encoding="UTF-8"?>
<!-- Generated by org.testng.reporters.JUnitReportReporter -->
<testsuite hostname="LAPTOP-0U18I7A7" failures="0" tests="1" name="com.webTestingWebElementScenarios.Dynamic_TableAutomation" time="5.595" errors="0" timestamp="2024-10-24T23:33:20 GMT-04:00" skipped="0">
  <testcase classname="com.webTestingWebElementScenarios.Dynamic_TableAutomation" name="DynamicTable_readcol" time="5.595"/>
</testsuite> <!-- com.webTestingWebElementScenarios.Dynamic_TableAutomation -->
