<?xml version="1.0" encoding="UTF-8"?>
<!-- Generated by org.testng.reporters.JUnitReportReporter -->
<testsuite hostname="LAPTOP-0U18I7A7" failures="0" tests="2" name="com.webTestingWebElementScenarios.Prompt_Alert" time="12.393" errors="0" timestamp="2024-10-19T15:16:47 GMT-04:00" skipped="0">
  <testcase classname="com.webTestingWebElementScenarios.Prompt_Alert" name="PromptAlertAcceptTest" time="4.862"/>
  <testcase classname="com.webTestingWebElementScenarios.Prompt_Alert" name="PromptAlertCancelTest" time="7.531"/>
</testsuite> <!-- com.webTestingWebElementScenarios.Prompt_Alert -->
