<?xml version="1.0" encoding="UTF-8"?>
<!-- Generated by org.testng.reporters.JUnitReportReporter -->
<testsuite hostname="LAPTOP-0U18I7A7" failures="0" tests="4" name="com.TestNGAnnotation.ClassA" time="0.020" errors="0" timestamp="2024-11-21T10:07:17 GMT-05:00" skipped="0">
  <testcase classname="com.TestNGAnnotation.ClassA" name="Testcase1" time="0.010"/>
  <testcase classname="com.TestNGAnnotation.ClassA" name="Testcase2" time="0.004"/>
  <testcase classname="com.TestNGAnnotation.ClassA" name="Testcase1" time="0.002"/>
  <testcase classname="com.TestNGAnnotation.ClassA" name="Testcase2" time="0.004"/>
</testsuite> <!-- com.TestNGAnnotation.ClassA -->
