<?xml version="1.0" encoding="UTF-8"?>
<!-- Generated by org.testng.reporters.JUnitReportReporter -->
<testsuite hostname="LAPTOP-0U18I7A7" failures="0" tests="4" name="com.TestNG.TestNG_demo2" time="0.028" errors="0" timestamp="2024-11-19T14:27:56 GMT-05:00" skipped="0">
  <testcase classname="com.TestNG.TestNG_demo2" name="registration" time="0.018"/>
  <testcase classname="com.TestNG.TestNG_demo2" name="login" time="0.003"/>
  <testcase classname="com.TestNG.TestNG_demo2" name="search" time="0.004"/>
  <testcase classname="com.TestNG.TestNG_demo2" name="addtocart" time="0.003"/>
</testsuite> <!-- com.TestNG.TestNG_demo2 -->
