<?xml version="1.0" encoding="UTF-8"?>
<!-- Generated by org.testng.reporters.JUnitReportReporter -->
<testsuite hostname="LAPTOP-0U18I7A7" failures="0" tests="1" name="com.webTestingWebElementScenarios.Pagination_table_demo" time="11.532" errors="0" timestamp="2024-10-25T10:22:21 GMT-04:00" skipped="0">
  <testcase classname="com.webTestingWebElementScenarios.Pagination_table_demo" name="f" time="11.532"/>
</testsuite> <!-- com.webTestingWebElementScenarios.Pagination_table_demo -->
