<?xml version="1.0" encoding="UTF-8"?>
<!-- Generated by org.testng.reporters.JUnitReportReporter -->
<testsuite hostname="LAPTOP-0U18I7A7" failures="0" tests="6" name="com.TestNG.TestNG_InvocationCount_demo4" time="0.030" errors="0" timestamp="2024-11-19T15:08:30 GMT-05:00" skipped="0">
  <testcase classname="com.TestNG.TestNG_InvocationCount_demo4" name="testcase3" time="0.007"/>
  <testcase classname="com.TestNG.TestNG_InvocationCount_demo4" name="testcase2" time="0.006"/>
  <testcase classname="com.TestNG.TestNG_InvocationCount_demo4" name="testcase2" time="0.007"/>
  <testcase classname="com.TestNG.TestNG_InvocationCount_demo4" name="testcase1" time="0.002"/>
  <testcase classname="com.TestNG.TestNG_InvocationCount_demo4" name="testcase2" time="0.005"/>
  <testcase classname="com.TestNG.TestNG_InvocationCount_demo4" name="testcase2" time="0.003"/>
</testsuite> <!-- com.TestNG.TestNG_InvocationCount_demo4 -->
