<?xml version="1.0" encoding="UTF-8"?>
<!-- Generated by org.testng.reporters.JUnitReportReporter -->
<testsuite hostname="LAPTOP-0U18I7A7" failures="0" tests="1" name="com.webTestingWebElementScenarios.AutomationTableDemo" time="5.110" errors="0" timestamp="2024-10-24T15:19:20 GMT-04:00" skipped="0">
  <testcase classname="com.webTestingWebElementScenarios.AutomationTableDemo" name="StaticTable_printmatchrecord" time="5.110"/>
</testsuite> <!-- com.webTestingWebElementScenarios.AutomationTableDemo -->
