<?xml version="1.0" encoding="UTF-8"?>
<!-- Generated by org.testng.reporters.JUnitReportReporter -->
<testsuite hostname="LAPTOP-0U18I7A7" failures="0" tests="2" name="com.TestNGAnnotation.RealTimeAnnotationDemo2" time="1.302" errors="0" timestamp="2024-11-21T09:26:30 GMT-05:00" skipped="0">
  <testcase classname="com.TestNGAnnotation.RealTimeAnnotationDemo2" name="validateSignin" time="0.413"/>
  <testcase classname="com.TestNGAnnotation.RealTimeAnnotationDemo2" name="validatelogIn" time="0.889"/>
</testsuite> <!-- com.TestNGAnnotation.RealTimeAnnotationDemo2 -->
