<?xml version="1.0" encoding="UTF-8"?>
<!-- Generated by org.testng.reporters.JUnitReportReporter -->
<testsuite hostname="LAPTOP-0U18I7A7" failures="0" tests="1" name="com.TestNGpropertiesfilereading.PropertiesFileReading" time="0.147" errors="0" timestamp="2024-12-02T13:11:22 GMT-05:00" skipped="0">
  <testcase classname="com.TestNGpropertiesfilereading.PropertiesFileReading" name="testReading" time="0.147"/>
</testsuite> <!-- com.TestNGpropertiesfilereading.PropertiesFileReading -->
