<?xml version="1.0" encoding="UTF-8"?>
<!-- Generated by org.testng.reporters.JUnitReportReporter -->
<testsuite hostname="LAPTOP-0U18I7A7" failures="0" tests="1" name="com.webTestingWebElementScenarios.Amazon_DropDown_practice1" time="13.921" errors="0" timestamp="2024-10-15T11:15:55 GMT-04:00" skipped="0">
  <testcase classname="com.webTestingWebElementScenarios.Amazon_DropDown_practice1" name="f" time="13.921"/>
</testsuite> <!-- com.webTestingWebElementScenarios.Amazon_DropDown_practice1 -->
