<?xml version="1.0" encoding="UTF-8"?>
<!-- Generated by org.testng.reporters.JUnitReportReporter -->
<testsuite hostname="LAPTOP-0U18I7A7" failures="0" tests="1" name="com.TestNGpropertiesfilereading.OrangeHRMUsingPropertyFile" time="6.432" errors="0" timestamp="2024-12-02T14:12:38 GMT-05:00" skipped="0">
  <testcase classname="com.TestNGpropertiesfilereading.OrangeHRMUsingPropertyFile" name="LoginTest" time="6.432"/>
</testsuite> <!-- com.TestNGpropertiesfilereading.OrangeHRMUsingPropertyFile -->
