<?xml version="1.0" encoding="UTF-8"?>
<!-- Generated by org.testng.reporters.JUnitReportReporter -->
<testsuite hostname="LAPTOP-0U18I7A7" failures="0" tests="1" name="com.webTestingWebElementScenarios.FacebookDropDown" time="7.444" errors="0" timestamp="2024-11-12T10:29:24 GMT-05:00" skipped="0">
  <testcase classname="com.webTestingWebElementScenarios.FacebookDropDown" name="f" time="7.444"/>
</testsuite> <!-- com.webTestingWebElementScenarios.FacebookDropDown -->
