<?xml version="1.0" encoding="UTF-8"?>
<!-- Generated by org.testng.reporters.JUnitReportReporter -->
<testsuite hostname="LAPTOP-0U18I7A7" failures="0" tests="1" name="com.TestNGDataDrivenTesting.DataDrivenUsingXLSDemo" time="1.370" errors="0" timestamp="2024-12-03T12:08:39 GMT-05:00" skipped="0">
  <testcase classname="com.TestNGDataDrivenTesting.DataDrivenUsingXLSDemo" name="fileRead3" time="1.370"/>
</testsuite> <!-- com.TestNGDataDrivenTesting.DataDrivenUsingXLSDemo -->
