<?xml version="1.0" encoding="UTF-8"?>
<!-- Generated by org.testng.reporters.JUnitReportReporter -->
<testsuite hostname="LAPTOP-0U18I7A7" failures="0" tests="4" name="com.TestNGDataDrivenTesting.DataDrivenUsingArray" time="0.019" errors="0" timestamp="2024-12-02T15:17:41 GMT-05:00" skipped="0">
  <testcase classname="com.TestNGDataDrivenTesting.DataDrivenUsingArray" name="login" time="0.005"/>
  <testcase classname="com.TestNGDataDrivenTesting.DataDrivenUsingArray" name="login" time="0.002"/>
  <testcase classname="com.TestNGDataDrivenTesting.DataDrivenUsingArray" name="login" time="0.004"/>
  <testcase classname="com.TestNGDataDrivenTesting.DataDrivenUsingArray" name="login" time="0.008"/>
</testsuite> <!-- com.TestNGDataDrivenTesting.DataDrivenUsingArray -->
