<?xml version="1.0" encoding="UTF-8"?>
<!-- Generated by org.testng.reporters.JUnitReportReporter -->
<testsuite hostname="LAPTOP-0U18I7A7" failures="0" tests="1" name="com.webTestingWebElementScenarios.MouseDragandDrop" time="8.230" errors="0" timestamp="2024-11-07T14:53:11 GMT-05:00" skipped="0">
  <testcase classname="com.webTestingWebElementScenarios.MouseDragandDrop" name="f" time="8.230"/>
</testsuite> <!-- com.webTestingWebElementScenarios.MouseDragandDrop -->
