<?xml version="1.0" encoding="UTF-8"?>
<!-- Generated by org.testng.reporters.JUnitReportReporter -->
<testsuite hostname="LAPTOP-0U18I7A7" failures="0" tests="4" name="com.TestNGDataDrivenTesting.DataDrivenOrangeHRMPractice" time="27.824" errors="0" timestamp="2024-12-02T15:27:17 GMT-05:00" skipped="0">
  <testcase classname="com.TestNGDataDrivenTesting.DataDrivenOrangeHRMPractice" name="LoginTest" time="5.834"/>
  <testcase classname="com.TestNGDataDrivenTesting.DataDrivenOrangeHRMPractice" name="LoginTest" time="5.989"/>
  <testcase classname="com.TestNGDataDrivenTesting.DataDrivenOrangeHRMPractice" name="LoginTest" time="9.874"/>
  <testcase classname="com.TestNGDataDrivenTesting.DataDrivenOrangeHRMPractice" name="LoginTest" time="6.127"/>
</testsuite> <!-- com.TestNGDataDrivenTesting.DataDrivenOrangeHRMPractice -->
