<?xml version="1.0" encoding="UTF-8"?>
<!-- Generated by org.testng.reporters.JUnitReportReporter -->
<testsuite hostname="LAPTOP-0U18I7A7" failures="0" tests="4" name="com.TestNG.TestNG_priority_demo2" time="0.037" errors="0" timestamp="2024-11-19T15:08:30 GMT-05:00" skipped="0">
  <testcase classname="com.TestNG.TestNG_priority_demo2" name="registration" time="0.014"/>
  <testcase classname="com.TestNG.TestNG_priority_demo2" name="login" time="0.004"/>
  <testcase classname="com.TestNG.TestNG_priority_demo2" name="search" time="0.005"/>
  <testcase classname="com.TestNG.TestNG_priority_demo2" name="addtocart" time="0.014"/>
</testsuite> <!-- com.TestNG.TestNG_priority_demo2 -->
