<?xml version="1.0" encoding="UTF-8"?>
<!-- Generated by org.testng.reporters.JUnitReportReporter -->
<testsuite hostname="LAPTOP-0U18I7A7" failures="0" tests="1" name="com.webTestingWebElementScenarios.MouseRightClickAction" time="7.099" errors="0" timestamp="2024-11-07T13:31:09 GMT-05:00" skipped="0">
  <testcase classname="com.webTestingWebElementScenarios.MouseRightClickAction" name="f" time="7.099"/>
</testsuite> <!-- com.webTestingWebElementScenarios.MouseRightClickAction -->
