<?xml version="1.0" encoding="UTF-8"?>
<!-- Generated by org.testng.reporters.JUnitReportReporter -->
<testsuite hostname="LAPTOP-0U18I7A7" failures="0" tests="1" name="com.webTestingWebElementScenarios.Progressbar" time="20.310" errors="0" timestamp="2024-11-20T08:36:18 GMT-05:00" skipped="0">
  <testcase classname="com.webTestingWebElementScenarios.Progressbar" name="f" time="20.310"/>
</testsuite> <!-- com.webTestingWebElementScenarios.Progressbar -->
