<?xml version="1.0" encoding="UTF-8"?>
<!-- Generated by org.testng.reporters.JUnitReportReporter -->
<testsuite hostname="LAPTOP-0U18I7A7" failures="0" tests="1" name="com.TestNG.TakeScreenshotusingUtility" time="10.158" errors="0" timestamp="2024-12-04T12:01:07 GMT-05:00" skipped="0">
  <testcase classname="com.TestNG.TakeScreenshotusingUtility" name="TakeScreenshot" time="10.158"/>
</testsuite> <!-- com.TestNG.TakeScreenshotusingUtility -->
