<?xml version="1.0" encoding="UTF-8"?>
<!-- Generated by org.testng.reporters.JUnitReportReporter -->
<testsuite hostname="LAPTOP-0U18I7A7" failures="0" tests="4" name="com.TestNGDataDrivenTesting.DataDrivenOrangeHRMPractice1" time="33.028" errors="0" timestamp="2024-12-02T22:39:21 GMT-05:00" skipped="0">
  <testcase classname="com.TestNGDataDrivenTesting.DataDrivenOrangeHRMPractice1" name="LoginTest" time="9.387"/>
  <testcase classname="com.TestNGDataDrivenTesting.DataDrivenOrangeHRMPractice1" name="LoginTest" time="7.818"/>
  <testcase classname="com.TestNGDataDrivenTesting.DataDrivenOrangeHRMPractice1" name="LoginTest" time="8.216"/>
  <testcase classname="com.TestNGDataDrivenTesting.DataDrivenOrangeHRMPractice1" name="LoginTest" time="7.607"/>
</testsuite> <!-- com.TestNGDataDrivenTesting.DataDrivenOrangeHRMPractice1 -->
