<?xml version="1.0" encoding="UTF-8"?>
<!-- Generated by org.testng.reporters.JUnitReportReporter -->
<testsuite hostname="LAPTOP-0U18I7A7" failures="0" tests="1" name="com.webTestingWebElementScenarios.FrameTest" time="7.644" errors="0" timestamp="2024-10-22T11:35:22 GMT-04:00" skipped="0">
  <testcase classname="com.webTestingWebElementScenarios.FrameTest" name="frame_with_webelement" time="7.644"/>
</testsuite> <!-- com.webTestingWebElementScenarios.FrameTest -->
