<?xml version="1.0" encoding="UTF-8"?>
<!-- Generated by org.testng.reporters.JUnitReportReporter -->
<testsuite hostname="LAPTOP-0U18I7A7" failures="0" tests="1" name="com.webTestingWebElementScenarios.MouseSliderDrag" time="8.737" errors="0" timestamp="2024-11-08T09:42:18 GMT-05:00" skipped="0">
  <testcase classname="com.webTestingWebElementScenarios.MouseSliderDrag" name="f" time="8.737"/>
</testsuite> <!-- com.webTestingWebElementScenarios.MouseSliderDrag -->
