<?xml version="1.0" encoding="UTF-8"?>
<!-- Generated by org.testng.reporters.JUnitReportReporter -->
<testsuite hostname="LAPTOP-0U18I7A7" failures="0" tests="1" name="com.webTestingWebElementScenarios.ToolTipAutomation" time="5.730" errors="0" timestamp="2024-11-08T10:28:03 GMT-05:00" skipped="0">
  <testcase classname="com.webTestingWebElementScenarios.ToolTipAutomation" name="f" time="5.730"/>
</testsuite> <!-- com.webTestingWebElementScenarios.ToolTipAutomation -->
