<?xml version="1.0" encoding="UTF-8"?>
<!-- Generated by org.testng.reporters.JUnitReportReporter -->
<testsuite hostname="LAPTOP-0U18I7A7" failures="0" tests="3" name="com.TestNGPageObjectModelusingPageFactory.NewLoginPageTestClass" time="1.405" errors="0" timestamp="2024-11-22T08:23:55 GMT-05:00" skipped="0">
  <testcase classname="com.TestNGPageObjectModelusingPageFactory.NewLoginPageTestClass" name="validateURL" time="0.376"/>
  <testcase classname="com.TestNGPageObjectModelusingPageFactory.NewLoginPageTestClass" name="validateTitle" time="0.018"/>
  <testcase classname="com.TestNGPageObjectModelusingPageFactory.NewLoginPageTestClass" name="validateLoginL" time="1.011"/>
</testsuite> <!-- com.TestNGPageObjectModelusingPageFactory.NewLoginPageTestClass -->
