<?xml version="1.0" encoding="UTF-8"?>
<!-- Generated by org.testng.reporters.JUnitReportReporter -->
<testsuite hostname="LAPTOP-0U18I7A7" failures="0" tests="1" name="com.TestNG.ScreenshotTestNG" time="8.671" errors="0" timestamp="2024-12-04T11:04:54 GMT-05:00" skipped="0">
  <testcase classname="com.TestNG.ScreenshotTestNG" name="testScreenshot" time="8.671"/>
</testsuite> <!-- com.TestNG.ScreenshotTestNG -->
