<?xml version="1.0" encoding="UTF-8"?>
<!-- Generated by org.testng.reporters.JUnitReportReporter -->
<testsuite hostname="LAPTOP-0U18I7A7" failures="0" tests="2" name="com.TestNG.TestNGAnnotationDemo" time="0.023" errors="0" timestamp="2024-11-20T14:26:04 GMT-05:00" skipped="0">
  <testcase classname="com.TestNG.TestNGAnnotationDemo" name="TestCase1" time="0.018"/>
  <testcase classname="com.TestNG.TestNGAnnotationDemo" name="TestCase2" time="0.005"/>
</testsuite> <!-- com.TestNG.TestNGAnnotationDemo -->
