<?xml version="1.0" encoding="UTF-8"?>
<!-- Generated by org.testng.reporters.JUnitReportReporter -->
<testsuite hostname="LAPTOP-0U18I7A7" failures="0" tests="3" name="com.TestNGPageObjectModelusingByLocator.OrangehrmLoginpageTest" time="1.300" errors="0" timestamp="2024-11-21T11:35:09 GMT-05:00" skipped="0">
  <testcase classname="com.TestNGPageObjectModelusingByLocator.OrangehrmLoginpageTest" name="validateURL" time="0.030"/>
  <testcase classname="com.TestNGPageObjectModelusingByLocator.OrangehrmLoginpageTest" name="validateTitle" time="0.016"/>
  <testcase classname="com.TestNGPageObjectModelusingByLocator.OrangehrmLoginpageTest" name="validateLoginL" time="1.254"/>
</testsuite> <!-- com.TestNGPageObjectModelusingByLocator.OrangehrmLoginpageTest -->
