<?xml version="1.0" encoding="UTF-8"?>
<!-- Generated by org.testng.reporters.JUnitReportReporter -->
<testsuite hostname="LAPTOP-0U18I7A7" failures="0" tests="1" name="com.webTestingWebElementScenarios.Progressbar2" time="34.708" errors="0" timestamp="2024-11-19T09:43:17 GMT-05:00" skipped="0">
  <testcase classname="com.webTestingWebElementScenarios.Progressbar2" name="f" time="34.708"/>
</testsuite> <!-- com.webTestingWebElementScenarios.Progressbar2 -->
