<?xml version="1.0" encoding="UTF-8"?>
<!-- Generated by org.testng.reporters.JUnitReportReporter -->
<testsuite hostname="LAPTOP-0U18I7A7" failures="0" tests="2" name="com.TestNGAnnotation.RealTimeAnnotation" time="1.284" errors="0" timestamp="2024-11-21T09:14:59 GMT-05:00" skipped="0">
  <testcase classname="com.TestNGAnnotation.RealTimeAnnotation" name="validateSignin" time="0.539"/>
  <testcase classname="com.TestNGAnnotation.RealTimeAnnotation" name="validatelogIn" time="0.745"/>
</testsuite> <!-- com.TestNGAnnotation.RealTimeAnnotation -->
