<?xml version="1.0" encoding="UTF-8"?>
<!-- Generated by org.testng.reporters.JUnitReportReporter -->
<testsuite hostname="LAPTOP-0U18I7A7" failures="0" tests="1" name="com.webTestingWebElementScenarios.JavaScriptExecutorDemo" time="10.471" errors="0" timestamp="2024-11-14T14:39:25 GMT-05:00" skipped="0">
  <testcase classname="com.webTestingWebElementScenarios.JavaScriptExecutorDemo" name="f" time="10.471"/>
</testsuite> <!-- com.webTestingWebElementScenarios.JavaScriptExecutorDemo -->
